<?xml version="1.0" encoding="UTF-8"?>
<testsuite name="com.twu.biblioteca.controller.UserControllerTest" tests="1" skipped="0" failures="0" errors="0" timestamp="2015-06-23T15:28:32" hostname="appletekiMacBook-Pro.local" time="0.0">
  <properties/>
  <testcase name="testCheckUserInformation" classname="com.twu.biblioteca.controller.UserControllerTest" time="0.0"/>
  <system-out><![CDATA[]]></system-out>
  <system-err><![CDATA[]]></system-err>
</testsuite>
