<?xml version="1.0" encoding="UTF-8"?>
<testsuite name="com.twu.biblioteca.ExampleTest" tests="3" skipped="0" failures="0" errors="0" timestamp="2015-06-04T01:15:53" hostname="appletekiMacBook-Pro.local" time="0.003">
  <properties/>
  <testcase name="testName" classname="com.twu.biblioteca.ExampleTest" time="0.002"/>
  <testcase name="testListBooks" classname="com.twu.biblioteca.ExampleTest" time="0.0"/>
  <testcase name="testBookDetails" classname="com.twu.biblioteca.ExampleTest" time="0.0"/>
  <system-out><![CDATA[]]></system-out>
  <system-err><![CDATA[]]></system-err>
</testsuite>
